0 info it worked if it ends with ok
1 verbose cli [ 'c:\\Program Files\\nodejs\\node.exe',
1 verbose cli   'c:\\Program Files\\nodejs\\node_modules\\npm\\bin\\npm-cli.js',
1 verbose cli   'install',
1 verbose cli   'grunt',
1 verbose cli   '--save-dev' ]
2 info using npm@1.1.45
3 info using node@v0.8.4
4 verbose config file C:\Users\renato\.npmrc
5 verbose config file c:\Program Files\nodejs\etc\npmrc
6 verbose config file c:\Program Files\nodejs\node_modules\npm\npmrc
7 verbose read json e:\Server\laravel\package.json
8 verbose from cache e:\Server\laravel\package.json
9 verbose readDependencies using package.json deps
10 verbose cache add [ 'grunt', null ]
11 silly cache add name=undefined spec="grunt" args=["grunt",null]
12 verbose parsed url { pathname: 'grunt', path: 'grunt', href: 'grunt' }
13 silly lockFile 20ff3fd8-grunt grunt
14 verbose lock grunt C:\Users\renato\AppData\Roaming\npm-cache\20ff3fd8-grunt.lock
15 silly lockFile 20ff3fd8-grunt grunt
16 verbose addNamed [ 'grunt', '' ]
17 verbose addNamed [ null, '' ]
18 silly lockFile 55f1ff24-grunt grunt@
19 verbose lock grunt@ C:\Users\renato\AppData\Roaming\npm-cache\55f1ff24-grunt.lock
20 silly addNameRange { name: 'grunt', range: '', hasData: false }
21 verbose url raw grunt
22 verbose url resolving [ 'https://registry.npmjs.org/', './grunt' ]
23 verbose url resolved https://registry.npmjs.org/grunt
24 info retry registry request attempt 1 at 10:03:36
25 http GET https://registry.npmjs.org/grunt
26 info retry will retry, error on last attempt: Error: SSL Error: CERT_UNTRUSTED
27 info retry registry request attempt 2 at 10:03:51
28 http GET https://registry.npmjs.org/grunt
29 info retry will retry, error on last attempt: Error: SSL Error: CERT_UNTRUSTED
30 info retry registry request attempt 3 at 10:04:52
31 http GET https://registry.npmjs.org/grunt
32 silly lockFile 55f1ff24-grunt grunt@
33 error Error: SSL Error: CERT_UNTRUSTED
33 error     at ClientRequest.<anonymous> (c:\Program Files\nodejs\node_modules\npm\node_modules\request\main.js:440:26)
33 error     at ClientRequest.g (events.js:185:14)
33 error     at ClientRequest.EventEmitter.emit (events.js:88:17)
33 error     at HTTPParser.parserOnIncomingClient [as onIncoming] (http.js:1445:7)
33 error     at HTTPParser.parserOnHeadersComplete [as onHeadersComplete] (http.js:111:23)
33 error     at CleartextStream.socketOnData [as ondata] (http.js:1356:20)
33 error     at CleartextStream.CryptoStream._push (tls.js:485:27)
33 error     at SecurePair.cycle (tls.js:839:20)
33 error     at EncryptedStream.CryptoStream.write (tls.js:220:13)
33 error     at Socket.ondata (stream.js:38:26)
34 error If you need help, you may report this log at:
34 error     <http://github.com/isaacs/npm/issues>
34 error or email it to:
34 error     <npm-@googlegroups.com>
35 error System Windows_NT 6.1.7601
36 error command "c:\\Program Files\\nodejs\\node.exe" "c:\\Program Files\\nodejs\\node_modules\\npm\\bin\\npm-cli.js" "install" "grunt" "--save-dev"
37 error cwd e:\Server\laravel
38 error node -v v0.8.4
39 error npm -v 1.1.45
40 verbose exit [ 1, true ]
